2013/09/17 11:35:52 [error] [exception.CException] exception 'CException' with message 'CAssetManager.basePath "/Library/WebServer/Documents/yii/demos/blog/assets" is invalid. Please make sure the directory exists and is writable by the Web server process.' in /Library/WebServer/Documents/yii/framework/web/CAssetManager.php:138
Stack trace:
#0 /Library/WebServer/Documents/yii/framework/web/CAssetManager.php(123): CAssetManager->setBasePath('/Library/WebSer...')
#1 /Library/WebServer/Documents/yii/framework/web/CAssetManager.php(217): CAssetManager->getBasePath()
#2 /Library/WebServer/Documents/yii/framework/zii/widgets/CListView.php(209): CAssetManager->publish('/Library/WebSer...')
#3 /Library/WebServer/Documents/yii/framework/web/CBaseController.php(147): CListView->init()
#4 /Library/WebServer/Documents/yii/framework/web/CBaseController.php(172): CBaseController->createWidget('zii.widgets.CLi...', Array)
#5 /Library/WebServer/Documents/yii/demos/blog/protected/views/post/index.php(9): CBaseController->widget('zii.widgets.CLi...', Array)
#6 /Library/WebServer/Documents/yii/framework/web/CBaseController.php(126): require('/Library/WebSer...')
#7 /Library/WebServer/Documents/yii/framework/web/CBaseController.php(95): CBaseController->renderInternal('/Library/WebSer...', Array, true)
#8 /Library/WebServer/Documents/yii/framework/web/CController.php(869): CBaseController->renderFile('/Library/WebSer...', Array, true)
#9 /Library/WebServer/Documents/yii/framework/web/CController.php(782): CController->renderPartial('index', Array, true)
#10 /Library/WebServer/Documents/yii/demos/blog/protected/controllers/PostController.php(136): CController->render('index', Array)
#11 /Library/WebServer/Documents/yii/framework/web/actions/CInlineAction.php(49): PostController->actionIndex()
#12 /Library/WebServer/Documents/yii/framework/web/CController.php(308): CInlineAction->runWithParams(Array)
#13 /Library/WebServer/Documents/yii/framework/web/filters/CFilterChain.php(133): CController->runAction(Object(CInlineAction))
#14 /Library/WebServer/Documents/yii/framework/web/filters/CFilter.php(40): CFilterChain->run()
#15 /Library/WebServer/Documents/yii/framework/web/CController.php(1145): CFilter->filter(Object(CFilterChain))
#16 /Library/WebServer/Documents/yii/framework/web/filters/CInlineFilter.php(58): CController->filterAccessControl(Object(CFilterChain))
#17 /Library/WebServer/Documents/yii/framework/web/filters/CFilterChain.php(130): CInlineFilter->filter(Object(CFilterChain))
#18 /Library/WebServer/Documents/yii/framework/web/CController.php(291): CFilterChain->run()
#19 /Library/WebServer/Documents/yii/framework/web/CController.php(265): CController->runActionWithFilters(Object(CInlineAction), Array)
#20 /Library/WebServer/Documents/yii/framework/web/CWebApplication.php(282): CController->run('index')
#21 /Library/WebServer/Documents/yii/framework/web/CWebApplication.php(141): CWebApplication->runController('post/index')
#22 /Library/WebServer/Documents/yii/framework/base/CApplication.php(169): CWebApplication->processRequest()
#23 /Library/WebServer/Documents/yii/demos/blog/index.php(11): CApplication->run()
#24 {main}
REQUEST_URI=/yii/demos/blog/index.php/post/index
HTTP_REFERER=http://localhost/yii/demos/blog/
---
2013/09/17 11:36:05 [error] [php] date() [<a href='function.date'>function.date</a>]: It is not safe to rely on the system's timezone settings. You are *required* to use the date.timezone setting or the date_default_timezone_set() function. In case you used any of those methods and you are still getting this warning, you most likely misspelled the timezone identifier. We selected 'Asia/Calcutta' for 'IST/5.0/no DST' instead (/Library/WebServer/Documents/yii/demos/blog/protected/views/post/_view.php:6)
Stack trace:
#0 /Library/WebServer/Documents/yii/framework/web/CBaseController.php(95): PostController->renderInternal()
#1 /Library/WebServer/Documents/yii/framework/zii/widgets/CListView.php(281): PostController->renderFile()
#2 /Library/WebServer/Documents/yii/framework/zii/widgets/CBaseListView.php(160): CListView->renderItems()
#3 unknown(0): CListView->renderSection()
#4 /Library/WebServer/Documents/yii/framework/zii/widgets/CBaseListView.php(143): preg_replace_callback()
#5 /Library/WebServer/Documents/yii/framework/zii/widgets/CBaseListView.php(128): CListView->renderContent()
#6 /Library/WebServer/Documents/yii/framework/web/CBaseController.php(173): CListView->run()
#7 /Library/WebServer/Documents/yii/demos/blog/protected/views/post/index.php(9): PostController->widget()
#8 /Library/WebServer/Documents/yii/framework/web/CBaseController.php(126): require()
#9 /Library/WebServer/Documents/yii/framework/web/CBaseController.php(95): PostController->renderInternal()
#10 /Library/WebServer/Documents/yii/framework/web/CController.php(869): PostController->renderFile()
#11 /Library/WebServer/Documents/yii/framework/web/CController.php(782): PostController->renderPartial()
#12 /Library/WebServer/Documents/yii/demos/blog/protected/controllers/PostController.php(136): PostController->render()
#13 /Library/WebServer/Documents/yii/framework/web/actions/CInlineAction.php(49): PostController->actionIndex()
#14 /Library/WebServer/Documents/yii/framework/web/CController.php(308): CInlineAction->runWithParams()
#15 /Library/WebServer/Documents/yii/framework/web/filters/CFilterChain.php(133): PostController->runAction()
#16 /Library/WebServer/Documents/yii/framework/web/filters/CFilter.php(40): CFilterChain->run()
#17 /Library/WebServer/Documents/yii/framework/web/CController.php(1145): CAccessControlFilter->filter()
#18 /Library/WebServer/Documents/yii/framework/web/filters/CInlineFilter.php(58): PostController->filterAccessControl()
#19 /Library/WebServer/Documents/yii/framework/web/filters/CFilterChain.php(130): CInlineFilter->filter()
#20 /Library/WebServer/Documents/yii/framework/web/CController.php(291): CFilterChain->run()
#21 /Library/WebServer/Documents/yii/framework/web/CController.php(265): PostController->runActionWithFilters()
#22 /Library/WebServer/Documents/yii/framework/web/CWebApplication.php(282): PostController->run()
#23 /Library/WebServer/Documents/yii/framework/web/CWebApplication.php(141): CWebApplication->runController()
#24 /Library/WebServer/Documents/yii/framework/base/CApplication.php(169): CWebApplication->processRequest()
#25 /Library/WebServer/Documents/yii/demos/blog/index.php(11): CWebApplication->run()
REQUEST_URI=/yii/demos/blog/index.php/post/index
2013/09/17 06:06:50 [error] [php] include(CPasswordHelper.php) [<a href='function.include'>function.include</a>]: failed to open stream: No such file or directory (/Library/WebServer/Documents/yii/framework/YiiBase.php:423)
Stack trace:
#0 /Library/WebServer/Documents/yii/demos/blog/protected/models/User.php(78): spl_autoload_call()
#1 /Library/WebServer/Documents/yii/demos/blog/protected/components/UserIdentity.php(21): User->validatePassword()
#2 /Library/WebServer/Documents/yii/demos/blog/protected/models/LoginForm.php(50): UserIdentity->authenticate()
#3 /Library/WebServer/Documents/yii/framework/validators/CInlineValidator.php(42): LoginForm->authenticate()
#4 /Library/WebServer/Documents/yii/framework/validators/CValidator.php(213): CInlineValidator->validateAttribute()
#5 /Library/WebServer/Documents/yii/framework/base/CModel.php(159): CInlineValidator->validate()
#6 /Library/WebServer/Documents/yii/framework/web/widgets/CActiveForm.php(835): LoginForm->validate()
#7 /Library/WebServer/Documents/yii/demos/blog/protected/controllers/SiteController.php(73): validate()
#8 /Library/WebServer/Documents/yii/framework/web/actions/CInlineAction.php(49): SiteController->actionLogin()
#9 /Library/WebServer/Documents/yii/framework/web/CController.php(308): CInlineAction->runWithParams()
#10 /Library/WebServer/Documents/yii/framework/web/CController.php(286): SiteController->runAction()
#11 /Library/WebServer/Documents/yii/framework/web/CController.php(265): SiteController->runActionWithFilters()
#12 /Library/WebServer/Documents/yii/framework/web/CWebApplication.php(282): SiteController->run()
#13 /Library/WebServer/Documents/yii/framework/web/CWebApplication.php(141): CWebApplication->runController()
#14 /Library/WebServer/Documents/yii/framework/base/CApplication.php(169): CWebApplication->processRequest()
#15 /Library/WebServer/Documents/yii/demos/blog/index.php(11): CWebApplication->run()
REQUEST_URI=/yii/demos/blog/index.php/site/login
2013/09/17 06:06:51 [error] [php] include(CPasswordHelper.php) [<a href='function.include'>function.include</a>]: failed to open stream: No such file or directory (/Library/WebServer/Documents/yii/framework/YiiBase.php:423)
Stack trace:
#0 /Library/WebServer/Documents/yii/demos/blog/protected/models/User.php(78): spl_autoload_call()
#1 /Library/WebServer/Documents/yii/demos/blog/protected/components/UserIdentity.php(21): User->validatePassword()
#2 /Library/WebServer/Documents/yii/demos/blog/protected/models/LoginForm.php(50): UserIdentity->authenticate()
#3 /Library/WebServer/Documents/yii/framework/validators/CInlineValidator.php(42): LoginForm->authenticate()
#4 /Library/WebServer/Documents/yii/framework/validators/CValidator.php(213): CInlineValidator->validateAttribute()
#5 /Library/WebServer/Documents/yii/framework/base/CModel.php(159): CInlineValidator->validate()
#6 /Library/WebServer/Documents/yii/demos/blog/protected/controllers/SiteController.php(82): LoginForm->validate()
#7 /Library/WebServer/Documents/yii/framework/web/actions/CInlineAction.php(49): SiteController->actionLogin()
#8 /Library/WebServer/Documents/yii/framework/web/CController.php(308): CInlineAction->runWithParams()
#9 /Library/WebServer/Documents/yii/framework/web/CController.php(286): SiteController->runAction()
#10 /Library/WebServer/Documents/yii/framework/web/CController.php(265): SiteController->runActionWithFilters()
#11 /Library/WebServer/Documents/yii/framework/web/CWebApplication.php(282): SiteController->run()
#12 /Library/WebServer/Documents/yii/framework/web/CWebApplication.php(141): CWebApplication->runController()
#13 /Library/WebServer/Documents/yii/framework/base/CApplication.php(169): CWebApplication->processRequest()
#14 /Library/WebServer/Documents/yii/demos/blog/index.php(11): CWebApplication->run()
REQUEST_URI=/yii/demos/blog/index.php/site/login
2013/09/17 06:07:23 [error] [php] include(CPasswordHelper.php) [<a href='function.include'>function.include</a>]: failed to open stream: No such file or directory (/Library/WebServer/Documents/yii/framework/YiiBase.php:423)
Stack trace:
#0 /Library/WebServer/Documents/yii/demos/blog/protected/models/User.php(78): spl_autoload_call()
#1 /Library/WebServer/Documents/yii/demos/blog/protected/components/UserIdentity.php(21): User->validatePassword()
#2 /Library/WebServer/Documents/yii/demos/blog/protected/models/LoginForm.php(50): UserIdentity->authenticate()
#3 /Library/WebServer/Documents/yii/framework/validators/CInlineValidator.php(42): LoginForm->authenticate()
#4 /Library/WebServer/Documents/yii/framework/validators/CValidator.php(213): CInlineValidator->validateAttribute()
#5 /Library/WebServer/Documents/yii/framework/base/CModel.php(159): CInlineValidator->validate()
#6 /Library/WebServer/Documents/yii/framework/web/widgets/CActiveForm.php(835): LoginForm->validate()
#7 /Library/WebServer/Documents/yii/demos/blog/protected/controllers/SiteController.php(73): validate()
#8 /Library/WebServer/Documents/yii/framework/web/actions/CInlineAction.php(49): SiteController->actionLogin()
#9 /Library/WebServer/Documents/yii/framework/web/CController.php(308): CInlineAction->runWithParams()
#10 /Library/WebServer/Documents/yii/framework/web/CController.php(286): SiteController->runAction()
#11 /Library/WebServer/Documents/yii/framework/web/CController.php(265): SiteController->runActionWithFilters()
#12 /Library/WebServer/Documents/yii/framework/web/CWebApplication.php(282): SiteController->run()
#13 /Library/WebServer/Documents/yii/framework/web/CWebApplication.php(141): CWebApplication->runController()
#14 /Library/WebServer/Documents/yii/framework/base/CApplication.php(169): CWebApplication->processRequest()
#15 /Library/WebServer/Documents/yii/demos/blog/index.php(11): CWebApplication->run()
REQUEST_URI=/yii/demos/blog/index.php/site/login
2013/09/17 06:07:24 [error] [php] include(CPasswordHelper.php) [<a href='function.include'>function.include</a>]: failed to open stream: No such file or directory (/Library/WebServer/Documents/yii/framework/YiiBase.php:423)
Stack trace:
#0 /Library/WebServer/Documents/yii/demos/blog/protected/models/User.php(78): spl_autoload_call()
#1 /Library/WebServer/Documents/yii/demos/blog/protected/components/UserIdentity.php(21): User->validatePassword()
#2 /Library/WebServer/Documents/yii/demos/blog/protected/models/LoginForm.php(50): UserIdentity->authenticate()
#3 /Library/WebServer/Documents/yii/framework/validators/CInlineValidator.php(42): LoginForm->authenticate()
#4 /Library/WebServer/Documents/yii/framework/validators/CValidator.php(213): CInlineValidator->validateAttribute()
#5 /Library/WebServer/Documents/yii/framework/base/CModel.php(159): CInlineValidator->validate()
#6 /Library/WebServer/Documents/yii/demos/blog/protected/controllers/SiteController.php(82): LoginForm->validate()
#7 /Library/WebServer/Documents/yii/framework/web/actions/CInlineAction.php(49): SiteController->actionLogin()
#8 /Library/WebServer/Documents/yii/framework/web/CController.php(308): CInlineAction->runWithParams()
#9 /Library/WebServer/Documents/yii/framework/web/CController.php(286): SiteController->runAction()
#10 /Library/WebServer/Documents/yii/framework/web/CController.php(265): SiteController->runActionWithFilters()
#11 /Library/WebServer/Documents/yii/framework/web/CWebApplication.php(282): SiteController->run()
#12 /Library/WebServer/Documents/yii/framework/web/CWebApplication.php(141): CWebApplication->runController()
#13 /Library/WebServer/Documents/yii/framework/base/CApplication.php(169): CWebApplication->processRequest()
#14 /Library/WebServer/Documents/yii/demos/blog/index.php(11): CWebApplication->run()
REQUEST_URI=/yii/demos/blog/index.php/site/login
2013/09/17 06:08:38 [error] [php] include(CPasswordHelper.php) [<a href='function.include'>function.include</a>]: failed to open stream: No such file or directory (/Library/WebServer/Documents/yii/framework/YiiBase.php:423)
Stack trace:
#0 /Library/WebServer/Documents/yii/demos/blog/protected/models/User.php(78): spl_autoload_call()
#1 /Library/WebServer/Documents/yii/demos/blog/protected/components/UserIdentity.php(21): User->validatePassword()
#2 /Library/WebServer/Documents/yii/demos/blog/protected/models/LoginForm.php(50): UserIdentity->authenticate()
#3 /Library/WebServer/Documents/yii/framework/validators/CInlineValidator.php(42): LoginForm->authenticate()
#4 /Library/WebServer/Documents/yii/framework/validators/CValidator.php(213): CInlineValidator->validateAttribute()
#5 /Library/WebServer/Documents/yii/framework/base/CModel.php(159): CInlineValidator->validate()
#6 /Library/WebServer/Documents/yii/framework/web/widgets/CActiveForm.php(835): LoginForm->validate()
#7 /Library/WebServer/Documents/yii/demos/blog/protected/controllers/SiteController.php(73): validate()
#8 /Library/WebServer/Documents/yii/framework/web/actions/CInlineAction.php(49): SiteController->actionLogin()
#9 /Library/WebServer/Documents/yii/framework/web/CController.php(308): CInlineAction->runWithParams()
#10 /Library/WebServer/Documents/yii/framework/web/CController.php(286): SiteController->runAction()
#11 /Library/WebServer/Documents/yii/framework/web/CController.php(265): SiteController->runActionWithFilters()
#12 /Library/WebServer/Documents/yii/framework/web/CWebApplication.php(282): SiteController->run()
#13 /Library/WebServer/Documents/yii/framework/web/CWebApplication.php(141): CWebApplication->runController()
#14 /Library/WebServer/Documents/yii/framework/base/CApplication.php(169): CWebApplication->processRequest()
#15 /Library/WebServer/Documents/yii/demos/blog/index.php(11): CWebApplication->run()
REQUEST_URI=/yii/demos/blog/index.php/site/login
2013/09/17 06:08:40 [error] [php] include(CPasswordHelper.php) [<a href='function.include'>function.include</a>]: failed to open stream: No such file or directory (/Library/WebServer/Documents/yii/framework/YiiBase.php:423)
Stack trace:
#0 /Library/WebServer/Documents/yii/demos/blog/protected/models/User.php(78): spl_autoload_call()
#1 /Library/WebServer/Documents/yii/demos/blog/protected/components/UserIdentity.php(21): User->validatePassword()
#2 /Library/WebServer/Documents/yii/demos/blog/protected/models/LoginForm.php(50): UserIdentity->authenticate()
#3 /Library/WebServer/Documents/yii/framework/validators/CInlineValidator.php(42): LoginForm->authenticate()
#4 /Library/WebServer/Documents/yii/framework/validators/CValidator.php(213): CInlineValidator->validateAttribute()
#5 /Library/WebServer/Documents/yii/framework/base/CModel.php(159): CInlineValidator->validate()
#6 /Library/WebServer/Documents/yii/demos/blog/protected/controllers/SiteController.php(82): LoginForm->validate()
#7 /Library/WebServer/Documents/yii/framework/web/actions/CInlineAction.php(49): SiteController->actionLogin()
#8 /Library/WebServer/Documents/yii/framework/web/CController.php(308): CInlineAction->runWithParams()
#9 /Library/WebServer/Documents/yii/framework/web/CController.php(286): SiteController->runAction()
#10 /Library/WebServer/Documents/yii/framework/web/CController.php(265): SiteController->runActionWithFilters()
#11 /Library/WebServer/Documents/yii/framework/web/CWebApplication.php(282): SiteController->run()
#12 /Library/WebServer/Documents/yii/framework/web/CWebApplication.php(141): CWebApplication->runController()
#13 /Library/WebServer/Documents/yii/framework/base/CApplication.php(169): CWebApplication->processRequest()
#14 /Library/WebServer/Documents/yii/demos/blog/index.php(11): CWebApplication->run()
REQUEST_URI=/yii/demos/blog/index.php/site/login
